<?xml version="1.0" encoding="UTF-8"?>
<!-- Generated by org.testng.reporters.JUnitXMLReporter -->
<testsuite hostname="Earls-MacBook-Pro.local" name="FourthTest" tests="2" failures="1" timestamp="30 Oct 2015 15:36:51 GMT" time="91.304" errors="0">
  <testcase name="login" time="18.445" classname="LearningTestNG.TestNGAnotation_1"/>
  <testcase name="logout" time="5.478" classname="LearningTestNG.TestNGAnotation_1">
    <failure type="java.lang.AssertionError" message="expected [Sign In] but found [SIGN IN]">
      <![CDATA[java.lang.AssertionError: expected [Sign In] but found [SIGN IN]
	at LearningTestNG.TestNGAnotation_1.logout(TestNGAnotation_1.java:100)
	at java.util.concurrent.FutureTask.run(FutureTask.java:266)
	at java.util.concurrent.ThreadPoolExecutor.runWorker(ThreadPoolExecutor.java:1142)
	at java.util.concurrent.ThreadPoolExecutor$Worker.run(ThreadPoolExecutor.java:617)
	at java.lang.Thread.run(Thread.java:745)
... Removed 21 stack frames]]>
    </failure>
  </testcase> <!-- logout -->
</testsuite> <!-- FourthTest -->
