<?xml version="1.0" encoding="UTF-8"?>
<testsuite hostname="Earls-MacBook-Pro.local" name="LearningTestNG.TestNGAnotation_1" tests="2" failures="1" timestamp="30 Oct 2015 21:02:58 GMT" time="69.359" errors="0">
  <testcase name="login" time="44.861" classname="LearningTestNG.TestNGAnotation_1">
    <failure type="java.lang.AssertionError" message="null">
      <![CDATA[java.lang.AssertionError: null
	at LearningTestNG.TestNGAnotation_1.login(TestNGAnotation_1.java:95)
	at java.util.concurrent.ThreadPoolExecutor.runWorker(ThreadPoolExecutor.java:1142)
	at java.util.concurrent.ThreadPoolExecutor$Worker.run(ThreadPoolExecutor.java:617)
	at java.lang.Thread.run(Thread.java:745)
... Removed 19 stack frames]]>
    </failure>
  </testcase>
  <testcase name="logout" time="0.001" classname="LearningTestNG.TestNGAnotation_1">
    <skipped/>
  </testcase>
</testsuite>
