<?xml version="1.0" encoding="UTF-8"?>
<!-- Generated by org.testng.reporters.JUnitXMLReporter -->
<testsuite hostname="Earls-MacBook-Pro.local" name="Basic Tests" tests="4" failures="0" timestamp="28 Oct 2015 13:02:44 GMT" time="37.903" errors="0">
  <testcase name="test3" time="0.008" classname="LearningTestNG.TestNGAnotation_2"/>
  <testcase name="login" time="8.803" classname="LearningTestNG.TestNGAnotation_1"/>
  <testcase name="editprofile" time="17.153" classname="LearningTestNG.TestNGAnotation_1"/>
  <testcase name="logout" time="3.782" classname="LearningTestNG.TestNGAnotation_1"/>
</testsuite> <!-- Basic Tests -->
