<?xml version="1.0" encoding="UTF-8"?>
<testsuite name="TestSuite" time="8.219" tests="6" errors="0" skipped="0" failures="2">
  <properties>
[...]
</properties>
  <testcase name="searchproducts" classname="LearningTestNG.SearchTerm" time="2.806"/>
  <testcase name="searchcontent" classname="LearningTestNG.SearchTerm" time="0.001"/>
  <testcase name="login" classname="LearningTestNG.TestNGAnotation_1" time="1.958"/>
  <testcase name="login" classname="LearningTestNG.TestNGAnotation_1" time="13.177"/>
  <testcase name="logout" classname="LearningTestNG.TestNGAnotation_1" time="3.454">
    <failure message="expected:&lt;Sign In&gt; but was:&lt;SIGN IN&gt;" type="java.lang.AssertionError"><![CDATA[java.lang.AssertionError: expected:<Sign In> but was:<SIGN IN>
	at org.testng.Assert.fail(Assert.java:89)
	at org.testng.Assert.failNotEquals(Assert.java:489)
	at org.testng.Assert.assertEquals(Assert.java:118)
	at org.testng.Assert.assertEquals(Assert.java:171)
	at org.testng.Assert.assertEquals(Assert.java:181)
	at LearningTestNG.TestNGAnotation_1.logout(TestNGAnotation_1.java:113)
]]></failure>
    <system-out><![CDATA[This is the after method
This is the beforeMethod-blanks
Logout - 3
Assers Sign-In Label after logging out
]]></system-out>
  </testcase>
  <testcase name="logout" classname="LearningTestNG.TestNGAnotation_1" time="4.438">
    <failure message="expected:&lt;Sign In&gt; but was:&lt;SIGN IN&gt;" type="java.lang.AssertionError"><![CDATA[java.lang.AssertionError: expected:<Sign In> but was:<SIGN IN>
	at org.testng.Assert.fail(Assert.java:89)
	at org.testng.Assert.failNotEquals(Assert.java:489)
	at org.testng.Assert.assertEquals(Assert.java:118)
	at org.testng.Assert.assertEquals(Assert.java:171)
	at org.testng.Assert.assertEquals(Assert.java:181)
	at LearningTestNG.TestNGAnotation_1.logout(TestNGAnotation_1.java:113)
]]></failure>
    <system-out><![CDATA[This is the after method
This is the beforeMethod-blanks
Logout - 3
Assers Sign-In Label after logging out
]]></system-out>
  </testcase>
</testsuite>