<?xml version="1.0" encoding="UTF-8"?>
<testng-results skipped="0" failed="2" total="6" passed="4">
  <reporter-output>
  </reporter-output>
  <suite name="Suite" duration-ms="60644" started-at="2015-10-31T10:36:42Z" finished-at="2015-10-31T10:37:43Z">
    <groups>
    </groups>
    <test name="SecondTest" duration-ms="25933" started-at="2015-10-31T10:36:42Z" finished-at="2015-10-31T10:37:08Z">
      <class name="LearningTestNG.TestNGAnotation_1">
        <test-method status="PASS" signature="beforeClass(java.lang.String, java.lang.String, java.lang.String)" name="beforeClass" is-config="true" duration-ms="8394" started-at="2015-10-31T10:36:42Z" finished-at="2015-10-31T10:36:51Z">
          <params>
            <param index="0">
              <value>
                <![CDATA[chrome]]>
              </value>
            </param>
            <param index="1">
              <value>
                <![CDATA[46.0]]>
              </value>
            </param>
            <param index="2">
              <value>
                <![CDATA[WINDOWS]]>
              </value>
            </param>
          </params>
        </test-method>
        <test-method status="PASS" signature="beforeMethod()" name="beforeMethod" is-config="true" duration-ms="1" started-at="2015-10-31T10:36:51Z" finished-at="2015-10-31T10:36:51Z">
        </test-method>
        <test-method status="PASS" signature="login()" name="login" duration-ms="7548" started-at="2015-10-31T10:36:51Z" finished-at="2015-10-31T10:36:58Z">
        </test-method>
        <test-method status="PASS" signature="afterMethod(org.testng.ITestResult)" name="afterMethod" is-config="true" duration-ms="1" started-at="2015-10-31T10:36:58Z" finished-at="2015-10-31T10:36:58Z">
          <params>
            <param index="0">
              <value>
                <![CDATA[[TestResult: login STATUS:SUCCESS METHOD:LearningTestNG.TestNGAnotation_1.login()]
]]>
              </value>
            </param>
          </params>
        </test-method>
        <test-method status="FAIL" signature="logout()" name="logout" duration-ms="3419" started-at="2015-10-31T10:36:58Z" depends-on-methods="LearningTestNG.TestNGAnotation_1.login" finished-at="2015-10-31T10:37:02Z">
          <exception class="java.lang.AssertionError">
            <message>
              <![CDATA[expected:<Sign In> but was:<SIGN IN>]]>
            </message>
            <full-stacktrace>
              <![CDATA[java.lang.AssertionError: expected:<Sign In> but was:<SIGN IN>
	at org.testng.Assert.fail(Assert.java:89)
	at org.testng.Assert.failNotEquals(Assert.java:489)
	at org.testng.Assert.assertEquals(Assert.java:118)
	at org.testng.Assert.assertEquals(Assert.java:171)
	at org.testng.Assert.assertEquals(Assert.java:181)
	at LearningTestNG.TestNGAnotation_1.logout(TestNGAnotation_1.java:113)
	at sun.reflect.NativeMethodAccessorImpl.invoke0(Native Method)
	at sun.reflect.NativeMethodAccessorImpl.invoke(NativeMethodAccessorImpl.java:62)
	at sun.reflect.DelegatingMethodAccessorImpl.invoke(DelegatingMethodAccessorImpl.java:43)
	at java.lang.reflect.Method.invoke(Method.java:497)
	at org.testng.internal.MethodInvocationHelper.invokeMethod(MethodInvocationHelper.java:80)
	at org.testng.internal.Invoker.invokeMethod(Invoker.java:673)
	at org.testng.internal.Invoker.invokeTestMethod(Invoker.java:842)
	at org.testng.internal.Invoker.invokeTestMethods(Invoker.java:1166)
	at org.testng.internal.TestMethodWorker.invokeTestMethods(TestMethodWorker.java:125)
	at org.testng.internal.TestMethodWorker.run(TestMethodWorker.java:109)
	at org.testng.TestRunner.runWorkers(TestRunner.java:1178)
	at org.testng.TestRunner.privateRun(TestRunner.java:757)
	at org.testng.TestRunner.run(TestRunner.java:608)
	at org.testng.SuiteRunner.runTest(SuiteRunner.java:334)
	at org.testng.SuiteRunner.access$000(SuiteRunner.java:36)
	at org.testng.SuiteRunner$SuiteWorker.run(SuiteRunner.java:368)
	at org.testng.internal.thread.ThreadUtil$CountDownLatchedRunnable.run(ThreadUtil.java:165)
	at java.util.concurrent.ThreadPoolExecutor.runWorker(ThreadPoolExecutor.java:1142)
	at java.util.concurrent.ThreadPoolExecutor$Worker.run(ThreadPoolExecutor.java:617)
	at java.lang.Thread.run(Thread.java:745)
]]>
            </full-stacktrace>
          </exception>
        </test-method>
        <test-method status="PASS" signature="beforeMethod()" name="beforeMethod" is-config="true" duration-ms="0" started-at="2015-10-31T10:36:58Z" finished-at="2015-10-31T10:36:58Z">
        </test-method>
        <test-method status="PASS" signature="afterMethod(org.testng.ITestResult)" name="afterMethod" is-config="true" duration-ms="501" started-at="2015-10-31T10:37:02Z" finished-at="2015-10-31T10:37:02Z">
          <params>
            <param index="0">
              <value>
                <![CDATA[[TestResult: logout STATUS:FAILURE METHOD:LearningTestNG.TestNGAnotation_1.logout()]
]]>
              </value>
            </param>
          </params>
        </test-method>
        <test-method status="PASS" signature="afterClass()" name="afterClass" is-config="true" duration-ms="6020" started-at="2015-10-31T10:37:02Z" finished-at="2015-10-31T10:37:08Z">
        </test-method>
      </class>
    </test>
    <test name="ThirdTest" duration-ms="35143" started-at="2015-10-31T10:36:42Z" finished-at="2015-10-31T10:37:18Z">
      <class name="LearningTestNG.SearchTerm">
        <test-method status="PASS" signature="beforeClass(java.lang.String, java.lang.String, java.lang.String)" name="beforeClass" is-config="true" duration-ms="11179" started-at="2015-10-31T10:36:42Z" finished-at="2015-10-31T10:36:54Z">
          <params>
            <param index="0">
              <value>
                <![CDATA[firefox]]>
              </value>
            </param>
            <param index="1">
              <value>
                <![CDATA[41.0]]>
              </value>
            </param>
            <param index="2">
              <value>
                <![CDATA[MAC]]>
              </value>
            </param>
          </params>
        </test-method>
        <test-method status="PASS" signature="beforeMethod()" name="beforeMethod" is-config="true" duration-ms="0" started-at="2015-10-31T10:36:54Z" finished-at="2015-10-31T10:36:54Z">
        </test-method>
        <test-method status="PASS" signature="searchproducts()" name="searchproducts" duration-ms="2805" started-at="2015-10-31T10:36:54Z" finished-at="2015-10-31T10:36:56Z">
        </test-method>
        <test-method status="PASS" signature="afterMethod(org.testng.ITestResult)" name="afterMethod" is-config="true" duration-ms="0" started-at="2015-10-31T10:36:56Z" finished-at="2015-10-31T10:36:56Z">
          <params>
            <param index="0">
              <value>
                <![CDATA[[TestResult: searchproducts STATUS:SUCCESS METHOD:LearningTestNG.SearchTerm.searchproducts()]
]]>
              </value>
            </param>
          </params>
        </test-method>
        <test-method status="PASS" signature="beforeMethod()" name="beforeMethod" is-config="true" duration-ms="0" started-at="2015-10-31T10:36:56Z" finished-at="2015-10-31T10:36:56Z">
        </test-method>
        <test-method status="PASS" signature="searchcontent()" name="searchcontent" duration-ms="1" started-at="2015-10-31T10:36:56Z" depends-on-methods="LearningTestNG.SearchTerm.searchproducts" finished-at="2015-10-31T10:36:56Z">
        </test-method>
        <test-method status="PASS" signature="afterMethod(org.testng.ITestResult)" name="afterMethod" is-config="true" duration-ms="0" started-at="2015-10-31T10:36:56Z" finished-at="2015-10-31T10:36:56Z">
          <params>
            <param index="0">
              <value>
                <![CDATA[[TestResult: searchcontent STATUS:SUCCESS METHOD:LearningTestNG.SearchTerm.searchcontent()]
]]>
              </value>
            </param>
          </params>
        </test-method>
        <test-method status="PASS" signature="afterClass()" name="afterClass" is-config="true" duration-ms="21145" started-at="2015-10-31T10:36:56Z" finished-at="2015-10-31T10:37:18Z">
        </test-method>
      </class>
    </test>
    <test name="FirstTest" duration-ms="60644" started-at="2015-10-31T10:36:42Z" finished-at="2015-10-31T10:37:43Z">
      <class name="LearningTestNG.TestNGAnotation_1">
        <test-method status="PASS" signature="beforeClass(java.lang.String, java.lang.String, java.lang.String)" name="beforeClass" is-config="true" duration-ms="37866" started-at="2015-10-31T10:36:42Z" finished-at="2015-10-31T10:37:20Z">
          <params>
            <param index="0">
              <value>
                <![CDATA[IE]]>
              </value>
            </param>
            <param index="1">
              <value>
                <![CDATA[10.0]]>
              </value>
            </param>
            <param index="2">
              <value>
                <![CDATA[WINDOWS]]>
              </value>
            </param>
          </params>
        </test-method>
        <test-method status="PASS" signature="beforeMethod()" name="beforeMethod" is-config="true" duration-ms="0" started-at="2015-10-31T10:37:20Z" finished-at="2015-10-31T10:37:20Z">
        </test-method>
        <test-method status="PASS" signature="login()" name="login" duration-ms="13177" started-at="2015-10-31T10:37:20Z" finished-at="2015-10-31T10:37:33Z">
        </test-method>
        <test-method status="PASS" signature="beforeMethod()" name="beforeMethod" is-config="true" duration-ms="1" started-at="2015-10-31T10:37:33Z" finished-at="2015-10-31T10:37:33Z">
        </test-method>
        <test-method status="PASS" signature="afterMethod(org.testng.ITestResult)" name="afterMethod" is-config="true" duration-ms="0" started-at="2015-10-31T10:37:33Z" finished-at="2015-10-31T10:37:33Z">
          <params>
            <param index="0">
              <value>
                <![CDATA[[TestResult: login STATUS:SUCCESS METHOD:LearningTestNG.TestNGAnotation_1.login()]
]]>
              </value>
            </param>
          </params>
        </test-method>
        <test-method status="FAIL" signature="logout()" name="logout" duration-ms="4438" started-at="2015-10-31T10:37:33Z" depends-on-methods="LearningTestNG.TestNGAnotation_1.login" finished-at="2015-10-31T10:37:38Z">
          <exception class="java.lang.AssertionError">
            <message>
              <![CDATA[expected:<Sign In> but was:<SIGN IN>]]>
            </message>
            <full-stacktrace>
              <![CDATA[java.lang.AssertionError: expected:<Sign In> but was:<SIGN IN>
	at org.testng.Assert.fail(Assert.java:89)
	at org.testng.Assert.failNotEquals(Assert.java:489)
	at org.testng.Assert.assertEquals(Assert.java:118)
	at org.testng.Assert.assertEquals(Assert.java:171)
	at org.testng.Assert.assertEquals(Assert.java:181)
	at LearningTestNG.TestNGAnotation_1.logout(TestNGAnotation_1.java:113)
	at sun.reflect.NativeMethodAccessorImpl.invoke0(Native Method)
	at sun.reflect.NativeMethodAccessorImpl.invoke(NativeMethodAccessorImpl.java:62)
	at sun.reflect.DelegatingMethodAccessorImpl.invoke(DelegatingMethodAccessorImpl.java:43)
	at java.lang.reflect.Method.invoke(Method.java:497)
	at org.testng.internal.MethodInvocationHelper.invokeMethod(MethodInvocationHelper.java:80)
	at org.testng.internal.Invoker.invokeMethod(Invoker.java:673)
	at org.testng.internal.Invoker.invokeTestMethod(Invoker.java:842)
	at org.testng.internal.Invoker.invokeTestMethods(Invoker.java:1166)
	at org.testng.internal.TestMethodWorker.invokeTestMethods(TestMethodWorker.java:125)
	at org.testng.internal.TestMethodWorker.run(TestMethodWorker.java:109)
	at org.testng.TestRunner.runWorkers(TestRunner.java:1178)
	at org.testng.TestRunner.privateRun(TestRunner.java:757)
	at org.testng.TestRunner.run(TestRunner.java:608)
	at org.testng.SuiteRunner.runTest(SuiteRunner.java:334)
	at org.testng.SuiteRunner.access$000(SuiteRunner.java:36)
	at org.testng.SuiteRunner$SuiteWorker.run(SuiteRunner.java:368)
	at org.testng.internal.thread.ThreadUtil$CountDownLatchedRunnable.run(ThreadUtil.java:165)
	at java.util.concurrent.ThreadPoolExecutor.runWorker(ThreadPoolExecutor.java:1142)
	at java.util.concurrent.ThreadPoolExecutor$Worker.run(ThreadPoolExecutor.java:617)
	at java.lang.Thread.run(Thread.java:745)
]]>
            </full-stacktrace>
          </exception>
        </test-method>
        <test-method status="PASS" signature="afterMethod(org.testng.ITestResult)" name="afterMethod" is-config="true" duration-ms="450" started-at="2015-10-31T10:37:38Z" finished-at="2015-10-31T10:37:38Z">
          <params>
            <param index="0">
              <value>
                <![CDATA[[TestResult: logout STATUS:FAILURE METHOD:LearningTestNG.TestNGAnotation_1.logout()]
]]>
              </value>
            </param>
          </params>
        </test-method>
        <test-method status="PASS" signature="afterClass()" name="afterClass" is-config="true" duration-ms="4703" started-at="2015-10-31T10:37:38Z" finished-at="2015-10-31T10:37:43Z">
        </test-method>
      </class>
    </test>
  </suite>
</testng-results>
