<?xml version="1.0" encoding="UTF-8"?>
<testng-results skipped="0" failed="3" total="8" passed="5">
  <reporter-output>
  </reporter-output>
  <suite name="Suite" duration-ms="81342" started-at="2015-10-30T22:28:43Z" finished-at="2015-10-30T22:30:05Z">
    <groups>
    </groups>
    <test name="SecondTest" duration-ms="27892" started-at="2015-10-30T22:28:43Z" finished-at="2015-10-30T22:29:11Z">
      <class name="LearningTestNG.TestNGAnotation_1">
        <test-method status="PASS" signature="beforeClass(java.lang.String, java.lang.String, java.lang.String)[pri:0, instance:LearningTestNG.TestNGAnotation_1@3b81a1bc]" name="beforeClass" is-config="true" duration-ms="9422" started-at="2015-10-30T19:28:43Z" finished-at="2015-10-30T19:28:53Z">
          <params>
            <param index="0">
              <value>
                <![CDATA[chrome]]>
              </value>
            </param>
            <param index="1">
              <value>
                <![CDATA[46.0]]>
              </value>
            </param>
            <param index="2">
              <value>
                <![CDATA[WINDOWS]]>
              </value>
            </param>
          </params>
          <reporter-output>
          </reporter-output>
        </test-method> <!-- beforeClass -->
        <test-method status="PASS" signature="beforeMethod()[pri:0, instance:LearningTestNG.TestNGAnotation_1@3b81a1bc]" name="beforeMethod" is-config="true" duration-ms="2" started-at="2015-10-30T19:28:53Z" finished-at="2015-10-30T19:28:53Z">
          <reporter-output>
          </reporter-output>
        </test-method> <!-- beforeMethod -->
        <test-method status="PASS" signature="login()[pri:1, instance:LearningTestNG.TestNGAnotation_1@3b81a1bc]" name="login" duration-ms="8644" started-at="2015-10-30T19:28:53Z" finished-at="2015-10-30T19:29:01Z">
          <reporter-output>
          </reporter-output>
        </test-method> <!-- login -->
        <test-method status="PASS" signature="afterMethod(org.testng.ITestResult)[pri:0, instance:LearningTestNG.TestNGAnotation_1@3b81a1bc]" name="afterMethod" is-config="true" duration-ms="0" started-at="2015-10-30T19:29:01Z" finished-at="2015-10-30T19:29:01Z">
          <params>
            <param index="0">
              <value>
                <![CDATA[[TestResult name=login status=SUCCESS method=TestNGAnotation_1.login()[pri:1, instance:LearningTestNG.TestNGAnotation_1@3b81a1bc] output={null}]]]>
              </value>
            </param>
          </params>
          <reporter-output>
          </reporter-output>
        </test-method> <!-- afterMethod -->
        <test-method status="PASS" signature="beforeMethod()[pri:0, instance:LearningTestNG.TestNGAnotation_1@3b81a1bc]" name="beforeMethod" is-config="true" duration-ms="0" started-at="2015-10-30T19:29:01Z" finished-at="2015-10-30T19:29:01Z">
          <reporter-output>
          </reporter-output>
        </test-method> <!-- beforeMethod -->
        <test-method status="FAIL" signature="logout()[pri:0, instance:LearningTestNG.TestNGAnotation_1@3b81a1bc]" name="logout" duration-ms="3610" started-at="2015-10-30T19:29:01Z" depends-on-methods="LearningTestNG.TestNGAnotation_1.login" finished-at="2015-10-30T19:29:05Z">
          <exception class="java.lang.AssertionError">
            <message>
              <![CDATA[expected [Sign In] but found [SIGN IN]]]>
            </message>
            <full-stacktrace>
              <![CDATA[java.lang.AssertionError: expected [Sign In] but found [SIGN IN]
	at org.testng.Assert.fail(Assert.java:94)
	at org.testng.Assert.failNotEquals(Assert.java:496)
	at org.testng.Assert.assertEquals(Assert.java:125)
	at org.testng.Assert.assertEquals(Assert.java:178)
	at org.testng.Assert.assertEquals(Assert.java:188)
	at LearningTestNG.TestNGAnotation_1.logout(TestNGAnotation_1.java:113)
	at sun.reflect.NativeMethodAccessorImpl.invoke0(Native Method)
	at sun.reflect.NativeMethodAccessorImpl.invoke(NativeMethodAccessorImpl.java:62)
	at sun.reflect.DelegatingMethodAccessorImpl.invoke(DelegatingMethodAccessorImpl.java:43)
	at java.lang.reflect.Method.invoke(Method.java:497)
	at org.testng.internal.MethodInvocationHelper.invokeMethod(MethodInvocationHelper.java:85)
	at org.testng.internal.Invoker.invokeMethod(Invoker.java:639)
	at org.testng.internal.Invoker.invokeTestMethod(Invoker.java:816)
	at org.testng.internal.Invoker.invokeTestMethods(Invoker.java:1124)
	at org.testng.internal.TestMethodWorker.invokeTestMethods(TestMethodWorker.java:125)
	at org.testng.internal.TestMethodWorker.run(TestMethodWorker.java:108)
	at org.testng.TestRunner.privateRun(TestRunner.java:774)
	at org.testng.TestRunner.run(TestRunner.java:624)
	at org.testng.SuiteRunner.runTest(SuiteRunner.java:359)
	at org.testng.SuiteRunner.access$000(SuiteRunner.java:39)
	at org.testng.SuiteRunner$SuiteWorker.run(SuiteRunner.java:393)
	at org.testng.internal.thread.ThreadUtil$2.call(ThreadUtil.java:64)
	at java.util.concurrent.FutureTask.run(FutureTask.java:266)
	at java.util.concurrent.ThreadPoolExecutor.runWorker(ThreadPoolExecutor.java:1142)
	at java.util.concurrent.ThreadPoolExecutor$Worker.run(ThreadPoolExecutor.java:617)
	at java.lang.Thread.run(Thread.java:745)
]]>
            </full-stacktrace>
          </exception> <!-- java.lang.AssertionError -->
          <reporter-output>
          </reporter-output>
        </test-method> <!-- logout -->
        <test-method status="PASS" signature="afterMethod(org.testng.ITestResult)[pri:0, instance:LearningTestNG.TestNGAnotation_1@3b81a1bc]" name="afterMethod" is-config="true" duration-ms="507" started-at="2015-10-30T19:29:05Z" finished-at="2015-10-30T19:29:05Z">
          <params>
            <param index="0">
              <value>
                <![CDATA[[TestResult name=logout status=FAILURE method=TestNGAnotation_1.logout()[pri:0, instance:LearningTestNG.TestNGAnotation_1@3b81a1bc] output={null}]]]>
              </value>
            </param>
          </params>
          <reporter-output>
          </reporter-output>
        </test-method> <!-- afterMethod -->
        <test-method status="PASS" signature="afterClass()[pri:0, instance:LearningTestNG.TestNGAnotation_1@3b81a1bc]" name="afterClass" is-config="true" duration-ms="5682" started-at="2015-10-30T19:29:05Z" finished-at="2015-10-30T19:29:11Z">
          <reporter-output>
          </reporter-output>
        </test-method> <!-- afterClass -->
      </class> <!-- LearningTestNG.TestNGAnotation_1 -->
    </test> <!-- SecondTest -->
    <test name="FirstTest" duration-ms="44835" started-at="2015-10-30T22:28:43Z" finished-at="2015-10-30T22:29:28Z">
      <class name="LearningTestNG.TestNGAnotation_1">
        <test-method status="PASS" signature="beforeClass(java.lang.String, java.lang.String, java.lang.String)[pri:0, instance:LearningTestNG.TestNGAnotation_1@6108b2d7]" name="beforeClass" is-config="true" duration-ms="14483" started-at="2015-10-30T19:28:43Z" finished-at="2015-10-30T19:28:58Z">
          <params>
            <param index="0">
              <value>
                <![CDATA[IE]]>
              </value>
            </param>
            <param index="1">
              <value>
                <![CDATA[10.0]]>
              </value>
            </param>
            <param index="2">
              <value>
                <![CDATA[WINDOWS]]>
              </value>
            </param>
          </params>
          <reporter-output>
          </reporter-output>
        </test-method> <!-- beforeClass -->
        <test-method status="PASS" signature="login()[pri:1, instance:LearningTestNG.TestNGAnotation_1@6108b2d7]" name="login" duration-ms="18665" started-at="2015-10-30T19:28:58Z" finished-at="2015-10-30T19:29:16Z">
          <reporter-output>
          </reporter-output>
        </test-method> <!-- login -->
        <test-method status="PASS" signature="beforeMethod()[pri:0, instance:LearningTestNG.TestNGAnotation_1@6108b2d7]" name="beforeMethod" is-config="true" duration-ms="0" started-at="2015-10-30T19:28:58Z" finished-at="2015-10-30T19:28:58Z">
          <reporter-output>
          </reporter-output>
        </test-method> <!-- beforeMethod -->
        <test-method status="PASS" signature="afterMethod(org.testng.ITestResult)[pri:0, instance:LearningTestNG.TestNGAnotation_1@6108b2d7]" name="afterMethod" is-config="true" duration-ms="1" started-at="2015-10-30T19:29:16Z" finished-at="2015-10-30T19:29:16Z">
          <params>
            <param index="0">
              <value>
                <![CDATA[[TestResult name=login status=SUCCESS method=TestNGAnotation_1.login()[pri:1, instance:LearningTestNG.TestNGAnotation_1@6108b2d7] output={null}]]]>
              </value>
            </param>
          </params>
          <reporter-output>
          </reporter-output>
        </test-method> <!-- afterMethod -->
        <test-method status="PASS" signature="beforeMethod()[pri:0, instance:LearningTestNG.TestNGAnotation_1@6108b2d7]" name="beforeMethod" is-config="true" duration-ms="0" started-at="2015-10-30T19:29:16Z" finished-at="2015-10-30T19:29:16Z">
          <reporter-output>
          </reporter-output>
        </test-method> <!-- beforeMethod -->
        <test-method status="FAIL" signature="logout()[pri:0, instance:LearningTestNG.TestNGAnotation_1@6108b2d7]" name="logout" duration-ms="5096" started-at="2015-10-30T19:29:16Z" depends-on-methods="LearningTestNG.TestNGAnotation_1.login" finished-at="2015-10-30T19:29:22Z">
          <exception class="java.lang.AssertionError">
            <message>
              <![CDATA[expected [Sign In] but found [SIGN IN]]]>
            </message>
            <full-stacktrace>
              <![CDATA[java.lang.AssertionError: expected [Sign In] but found [SIGN IN]
	at org.testng.Assert.fail(Assert.java:94)
	at org.testng.Assert.failNotEquals(Assert.java:496)
	at org.testng.Assert.assertEquals(Assert.java:125)
	at org.testng.Assert.assertEquals(Assert.java:178)
	at org.testng.Assert.assertEquals(Assert.java:188)
	at LearningTestNG.TestNGAnotation_1.logout(TestNGAnotation_1.java:113)
	at sun.reflect.NativeMethodAccessorImpl.invoke0(Native Method)
	at sun.reflect.NativeMethodAccessorImpl.invoke(NativeMethodAccessorImpl.java:62)
	at sun.reflect.DelegatingMethodAccessorImpl.invoke(DelegatingMethodAccessorImpl.java:43)
	at java.lang.reflect.Method.invoke(Method.java:497)
	at org.testng.internal.MethodInvocationHelper.invokeMethod(MethodInvocationHelper.java:85)
	at org.testng.internal.Invoker.invokeMethod(Invoker.java:639)
	at org.testng.internal.Invoker.invokeTestMethod(Invoker.java:816)
	at org.testng.internal.Invoker.invokeTestMethods(Invoker.java:1124)
	at org.testng.internal.TestMethodWorker.invokeTestMethods(TestMethodWorker.java:125)
	at org.testng.internal.TestMethodWorker.run(TestMethodWorker.java:108)
	at org.testng.TestRunner.privateRun(TestRunner.java:774)
	at org.testng.TestRunner.run(TestRunner.java:624)
	at org.testng.SuiteRunner.runTest(SuiteRunner.java:359)
	at org.testng.SuiteRunner.access$000(SuiteRunner.java:39)
	at org.testng.SuiteRunner$SuiteWorker.run(SuiteRunner.java:393)
	at org.testng.internal.thread.ThreadUtil$2.call(ThreadUtil.java:64)
	at java.util.concurrent.FutureTask.run(FutureTask.java:266)
	at java.util.concurrent.ThreadPoolExecutor.runWorker(ThreadPoolExecutor.java:1142)
	at java.util.concurrent.ThreadPoolExecutor$Worker.run(ThreadPoolExecutor.java:617)
	at java.lang.Thread.run(Thread.java:745)
]]>
            </full-stacktrace>
          </exception> <!-- java.lang.AssertionError -->
          <reporter-output>
          </reporter-output>
        </test-method> <!-- logout -->
        <test-method status="PASS" signature="afterMethod(org.testng.ITestResult)[pri:0, instance:LearningTestNG.TestNGAnotation_1@6108b2d7]" name="afterMethod" is-config="true" duration-ms="993" started-at="2015-10-30T19:29:22Z" finished-at="2015-10-30T19:29:23Z">
          <params>
            <param index="0">
              <value>
                <![CDATA[[TestResult name=logout status=FAILURE method=TestNGAnotation_1.logout()[pri:0, instance:LearningTestNG.TestNGAnotation_1@6108b2d7] output={null}]]]>
              </value>
            </param>
          </params>
          <reporter-output>
          </reporter-output>
        </test-method> <!-- afterMethod -->
        <test-method status="PASS" signature="afterClass()[pri:0, instance:LearningTestNG.TestNGAnotation_1@6108b2d7]" name="afterClass" is-config="true" duration-ms="5581" started-at="2015-10-30T19:29:23Z" finished-at="2015-10-30T19:29:28Z">
          <reporter-output>
          </reporter-output>
        </test-method> <!-- afterClass -->
      </class> <!-- LearningTestNG.TestNGAnotation_1 -->
    </test> <!-- FirstTest -->
    <test name="ThirdTest" duration-ms="81342" started-at="2015-10-30T22:28:43Z" finished-at="2015-10-30T22:30:05Z">
      <class name="LearningTestNG.SearchTerm">
        <test-method status="PASS" signature="beforeClass(java.lang.String, java.lang.String, java.lang.String)[pri:0, instance:LearningTestNG.SearchTerm@2c6a3f77]" name="beforeClass" is-config="true" duration-ms="8922" started-at="2015-10-30T19:29:02Z" finished-at="2015-10-30T19:29:11Z">
          <params>
            <param index="0">
              <value>
                <![CDATA[firefox]]>
              </value>
            </param>
            <param index="1">
              <value>
                <![CDATA[41.0]]>
              </value>
            </param>
            <param index="2">
              <value>
                <![CDATA[MAC]]>
              </value>
            </param>
          </params>
          <reporter-output>
          </reporter-output>
        </test-method> <!-- beforeClass -->
        <test-method status="PASS" signature="beforeMethod()[pri:0, instance:LearningTestNG.SearchTerm@2c6a3f77]" name="beforeMethod" is-config="true" duration-ms="0" started-at="2015-10-30T19:29:11Z" finished-at="2015-10-30T19:29:11Z">
          <reporter-output>
          </reporter-output>
        </test-method> <!-- beforeMethod -->
        <test-method status="PASS" signature="searchproducts()[pri:1, instance:LearningTestNG.SearchTerm@2c6a3f77]" name="searchproducts" duration-ms="2614" started-at="2015-10-30T19:29:11Z" finished-at="2015-10-30T19:29:14Z">
          <reporter-output>
          </reporter-output>
        </test-method> <!-- searchproducts -->
        <test-method status="PASS" signature="afterMethod(org.testng.ITestResult)[pri:0, instance:LearningTestNG.SearchTerm@2c6a3f77]" name="afterMethod" is-config="true" duration-ms="1" started-at="2015-10-30T19:29:14Z" finished-at="2015-10-30T19:29:14Z">
          <params>
            <param index="0">
              <value>
                <![CDATA[[TestResult name=searchproducts status=SUCCESS method=SearchTerm.searchproducts()[pri:1, instance:LearningTestNG.SearchTerm@2c6a3f77] output={null}]]]>
              </value>
            </param>
          </params>
          <reporter-output>
          </reporter-output>
        </test-method> <!-- afterMethod -->
        <test-method status="PASS" signature="beforeMethod()[pri:0, instance:LearningTestNG.SearchTerm@2c6a3f77]" name="beforeMethod" is-config="true" duration-ms="1" started-at="2015-10-30T19:29:48Z" finished-at="2015-10-30T19:29:48Z">
          <reporter-output>
          </reporter-output>
        </test-method> <!-- beforeMethod -->
        <test-method status="PASS" signature="searchcontent()[pri:0, instance:LearningTestNG.SearchTerm@2c6a3f77]" name="searchcontent" duration-ms="1" started-at="2015-10-30T19:29:48Z" depends-on-methods="LearningTestNG.SearchTerm.searchproducts" finished-at="2015-10-30T19:29:48Z">
          <reporter-output>
          </reporter-output>
        </test-method> <!-- searchcontent -->
        <test-method status="PASS" signature="afterMethod(org.testng.ITestResult)[pri:0, instance:LearningTestNG.SearchTerm@2c6a3f77]" name="afterMethod" is-config="true" duration-ms="0" started-at="2015-10-30T19:29:48Z" finished-at="2015-10-30T19:29:48Z">
          <params>
            <param index="0">
              <value>
                <![CDATA[[TestResult name=searchcontent status=SUCCESS method=SearchTerm.searchcontent()[pri:0, instance:LearningTestNG.SearchTerm@2c6a3f77] output={null}]]]>
              </value>
            </param>
          </params>
          <reporter-output>
          </reporter-output>
        </test-method> <!-- afterMethod -->
        <test-method status="PASS" signature="afterClass()[pri:0, instance:LearningTestNG.SearchTerm@2c6a3f77]" name="afterClass" is-config="true" duration-ms="16840" started-at="2015-10-30T19:29:48Z" finished-at="2015-10-30T19:30:05Z">
          <reporter-output>
          </reporter-output>
        </test-method> <!-- afterClass -->
      </class> <!-- LearningTestNG.SearchTerm -->
      <class name="LearningTestNG.TestNGAnotation_1">
        <test-method status="PASS" signature="beforeClass(java.lang.String, java.lang.String, java.lang.String)[pri:0, instance:LearningTestNG.TestNGAnotation_1@1324409e]" name="beforeClass" is-config="true" duration-ms="9986" started-at="2015-10-30T19:28:43Z" finished-at="2015-10-30T19:28:53Z">
          <params>
            <param index="0">
              <value>
                <![CDATA[firefox]]>
              </value>
            </param>
            <param index="1">
              <value>
                <![CDATA[41.0]]>
              </value>
            </param>
            <param index="2">
              <value>
                <![CDATA[MAC]]>
              </value>
            </param>
          </params>
          <reporter-output>
          </reporter-output>
        </test-method> <!-- beforeClass -->
        <test-method status="PASS" signature="beforeMethod()[pri:0, instance:LearningTestNG.TestNGAnotation_1@1324409e]" name="beforeMethod" is-config="true" duration-ms="1" started-at="2015-10-30T19:28:53Z" finished-at="2015-10-30T19:28:53Z">
          <reporter-output>
          </reporter-output>
        </test-method> <!-- beforeMethod -->
        <test-method status="PASS" signature="login()[pri:1, instance:LearningTestNG.TestNGAnotation_1@1324409e]" name="login" duration-ms="8805" started-at="2015-10-30T19:28:53Z" finished-at="2015-10-30T19:29:02Z">
          <reporter-output>
          </reporter-output>
        </test-method> <!-- login -->
        <test-method status="PASS" signature="afterMethod(org.testng.ITestResult)[pri:0, instance:LearningTestNG.TestNGAnotation_1@1324409e]" name="afterMethod" is-config="true" duration-ms="0" started-at="2015-10-30T19:29:02Z" finished-at="2015-10-30T19:29:02Z">
          <params>
            <param index="0">
              <value>
                <![CDATA[[TestResult name=login status=SUCCESS method=TestNGAnotation_1.login()[pri:1, instance:LearningTestNG.TestNGAnotation_1@1324409e] output={null}]]]>
              </value>
            </param>
          </params>
          <reporter-output>
          </reporter-output>
        </test-method> <!-- afterMethod -->
        <test-method status="PASS" signature="beforeMethod()[pri:0, instance:LearningTestNG.TestNGAnotation_1@1324409e]" name="beforeMethod" is-config="true" duration-ms="1" started-at="2015-10-30T19:29:14Z" finished-at="2015-10-30T19:29:14Z">
          <reporter-output>
          </reporter-output>
        </test-method> <!-- beforeMethod -->
        <test-method status="FAIL" signature="logout()[pri:0, instance:LearningTestNG.TestNGAnotation_1@1324409e]" name="logout" duration-ms="3649" started-at="2015-10-30T19:29:14Z" depends-on-methods="LearningTestNG.TestNGAnotation_1.login" finished-at="2015-10-30T19:29:17Z">
          <exception class="java.lang.AssertionError">
            <message>
              <![CDATA[expected [Sign In] but found [SIGN IN]]]>
            </message>
            <full-stacktrace>
              <![CDATA[java.lang.AssertionError: expected [Sign In] but found [SIGN IN]
	at org.testng.Assert.fail(Assert.java:94)
	at org.testng.Assert.failNotEquals(Assert.java:496)
	at org.testng.Assert.assertEquals(Assert.java:125)
	at org.testng.Assert.assertEquals(Assert.java:178)
	at org.testng.Assert.assertEquals(Assert.java:188)
	at LearningTestNG.TestNGAnotation_1.logout(TestNGAnotation_1.java:113)
	at sun.reflect.NativeMethodAccessorImpl.invoke0(Native Method)
	at sun.reflect.NativeMethodAccessorImpl.invoke(NativeMethodAccessorImpl.java:62)
	at sun.reflect.DelegatingMethodAccessorImpl.invoke(DelegatingMethodAccessorImpl.java:43)
	at java.lang.reflect.Method.invoke(Method.java:497)
	at org.testng.internal.MethodInvocationHelper.invokeMethod(MethodInvocationHelper.java:85)
	at org.testng.internal.Invoker.invokeMethod(Invoker.java:639)
	at org.testng.internal.Invoker.invokeTestMethod(Invoker.java:816)
	at org.testng.internal.Invoker.invokeTestMethods(Invoker.java:1124)
	at org.testng.internal.TestMethodWorker.invokeTestMethods(TestMethodWorker.java:125)
	at org.testng.internal.TestMethodWorker.run(TestMethodWorker.java:108)
	at org.testng.TestRunner.privateRun(TestRunner.java:774)
	at org.testng.TestRunner.run(TestRunner.java:624)
	at org.testng.SuiteRunner.runTest(SuiteRunner.java:359)
	at org.testng.SuiteRunner.access$000(SuiteRunner.java:39)
	at org.testng.SuiteRunner$SuiteWorker.run(SuiteRunner.java:393)
	at org.testng.internal.thread.ThreadUtil$2.call(ThreadUtil.java:64)
	at java.util.concurrent.FutureTask.run(FutureTask.java:266)
	at java.util.concurrent.ThreadPoolExecutor.runWorker(ThreadPoolExecutor.java:1142)
	at java.util.concurrent.ThreadPoolExecutor$Worker.run(ThreadPoolExecutor.java:617)
	at java.lang.Thread.run(Thread.java:745)
]]>
            </full-stacktrace>
          </exception> <!-- java.lang.AssertionError -->
          <reporter-output>
          </reporter-output>
        </test-method> <!-- logout -->
        <test-method status="PASS" signature="afterMethod(org.testng.ITestResult)[pri:0, instance:LearningTestNG.TestNGAnotation_1@1324409e]" name="afterMethod" is-config="true" duration-ms="652" started-at="2015-10-30T19:29:17Z" finished-at="2015-10-30T19:29:18Z">
          <params>
            <param index="0">
              <value>
                <![CDATA[[TestResult name=logout status=FAILURE method=TestNGAnotation_1.logout()[pri:0, instance:LearningTestNG.TestNGAnotation_1@1324409e] output={null}]]]>
              </value>
            </param>
          </params>
          <reporter-output>
          </reporter-output>
        </test-method> <!-- afterMethod -->
        <test-method status="PASS" signature="afterClass()[pri:0, instance:LearningTestNG.TestNGAnotation_1@1324409e]" name="afterClass" is-config="true" duration-ms="29852" started-at="2015-10-30T19:29:18Z" finished-at="2015-10-30T19:29:48Z">
          <reporter-output>
          </reporter-output>
        </test-method> <!-- afterClass -->
      </class> <!-- LearningTestNG.TestNGAnotation_1 -->
    </test> <!-- ThirdTest -->
  </suite> <!-- Suite -->
</testng-results>
