<?xml version="1.0" encoding="UTF-8"?>
<!-- Generated by org.testng.reporters.JUnitXMLReporter -->
<testsuite hostname="Earls-MacBook-Pro.local" name="Login, Edit, Logout Tests" tests="4" failures="0" timestamp="28 Oct 2015 15:23:37 GMT" time="57.792" errors="0">
  <testcase name="test3" time="0.007" classname="LearningTestNG.TestNGAnotation_2"/>
  <testcase name="login" time="10.571" classname="LearningTestNG.TestNGAnotation_1"/>
  <testcase name="editprofile" time="17.577" classname="LearningTestNG.TestNGAnotation_1"/>
  <testcase name="logout" time="3.599" classname="LearningTestNG.TestNGAnotation_1"/>
</testsuite> <!-- Login, Edit, Logout Tests -->
